#
# There is insufficient memory for the Java Runtime Environment to continue.
# Native memory allocation (mmap) failed to map 536870912 bytes for G1 virtual space
# Possible reasons:
#   The system is out of physical RAM or swap space
#   The process is running with CompressedOops enabled, and the Java Heap may be blocking the growth of the native heap
# Possible solutions:
#   Reduce memory load on the system
#   Increase physical memory or swap space
#   Check if swap backing store is full
#   Decrease Java heap size (-Xmx/-Xms)
#   Decrease number of Java threads
#   Decrease Java thread stack sizes (-Xss)
#   Set larger code cache with -XX:ReservedCodeCacheSize=
#   JVM is running with Zero Based Compressed Oops mode in which the Java heap is
#     placed in the first 32GB address space. The Java Heap base address is the
#     maximum limit for the native heap growth. Please use -XX:HeapBaseMinAddress
#     to set the Java Heap base and to place the Java Heap above 32GB virtual address.
# This output file may be truncated or incomplete.
#
#  Out of Memory Error (os_windows.cpp:3466), pid=23468, tid=13760
#
# JRE version:  (16.0.2+7) (build )
# Java VM: Java HotSpot(TM) 64-Bit Server VM (16.0.2+7-67, mixed mode, sharing, tiered, compressed oops, compressed class ptrs, g1 gc, windows-amd64)
# No core dump will be written. Minidumps are not enabled by default on client versions of Windows
#

---------------  S U M M A R Y ------------

Command Line: -ea -Didea.test.cyclic.buffer.size=1048576 -javaagent:D:\Program Files\JetBrains\Toolbox\apps\IDEA-U\ch-0\212.5080.55\lib\idea_rt.jar=53634:D:\Program Files\JetBrains\Toolbox\apps\IDEA-U\ch-0\212.5080.55\bin -Dfile.encoding=UTF-8 com.intellij.rt.junit.JUnitStarter -ideVersion5 -junit5 Testing

Host: AMD Ryzen 5 3600XT 6-Core Processor            , 12 cores, 31G,  Windows 10 , 64 bit Build 19041 (10.0.19041.1202)
Time: Thu Nov  4 18:47:35 2021 W. Europe Standard Time elapsed time: 0.032848 seconds (0d 0h 0m 0s)

---------------  T H R E A D  ---------------

Current thread (0x000002336aad6c80):  JavaThread "Unknown thread" [_thread_in_vm, id=13760, stack(0x0000007f25500000,0x0000007f25600000)]

Stack: [0x0000007f25500000,0x0000007f25600000]
Native frames: (J=compiled Java code, j=interpreted, Vv=VM code, C=native code)
V  [jvm.dll+0x6681ca]
V  [jvm.dll+0x7c9e69]
V  [jvm.dll+0x7cb61e]
V  [jvm.dll+0x7cbc73]
V  [jvm.dll+0x242c55]
V  [jvm.dll+0x664f89]
V  [jvm.dll+0x659b75]
V  [jvm.dll+0x2fbfbb]
V  [jvm.dll+0x3031b6]
V  [jvm.dll+0x35299e]
V  [jvm.dll+0x352bcf]
V  [jvm.dll+0x2d3028]
V  [jvm.dll+0x2d4264]
V  [jvm.dll+0x79c741]
V  [jvm.dll+0x360791]
V  [jvm.dll+0x77a3f0]
V  [jvm.dll+0x3e4e8f]
V  [jvm.dll+0x3e6961]
C  [jli.dll+0x52fb]
C  [ucrtbase.dll+0x21bb2]
C  [KERNEL32.DLL+0x17034]
C  [ntdll.dll+0x52651]


---------------  P R O C E S S  ---------------

Threads class SMR info:
_java_thread_list=0x00007ffa7166cbb8, length=0, elements={
}

Java Threads: ( => current thread )

Other Threads:
  0x000002336ab4bd70 GCTaskThread "GC Thread#0" [stack: 0x0000007f25600000,0x0000007f25700000] [id=20004]
  0x000002336ab5ce30 ConcurrentGCThread "G1 Main Marker" [stack: 0x0000007f25700000,0x0000007f25800000] [id=19636]
  0x000002336ab5e0c0 ConcurrentGCThread "G1 Conc#0" [stack: 0x0000007f25800000,0x0000007f25900000] [id=21188]

[error occurred during error reporting (printing all threads), id 0xc0000005, EXCEPTION_ACCESS_VIOLATION (0xc0000005) at pc=0x00007ffa70e43ee7]

VM state: not at safepoint (not fully initialized)

VM Mutex/Monitor currently owned by a thread:  ([mutex/lock_event])
[0x000002336aad1ff0] Heap_lock - owner thread: 0x000002336aad6c80

Heap address: 0x0000000601000000, size: 8176 MB, Compressed Oops mode: Zero based, Oop shift amount: 3

CDS archive(s) mapped at: [0x0000000000000000-0x0000000000000000-0x0000000000000000), size 0, SharedBaseAddress: 0x0000000800000000, ArchiveRelocationMode: 0.
Narrow klass base: 0x0000000000000000, Narrow klass shift: 0, Narrow klass range: 0x0

GC Precious Log:
<Empty>

Heap:
 garbage-first heap   total 0K, used 0K [0x0000000601000000, 0x0000000800000000)
  region size 4096K, 0 young (0K), 0 survivors (0K)

[error occurred during error reporting (printing heap information), id 0xc0000005, EXCEPTION_ACCESS_VIOLATION (0xc0000005) at pc=0x00007ffa71221eed]

GC Heap History (0 events):
No events

Deoptimization events (0 events):
No events

Classes unloaded (0 events):
No events

Classes redefined (0 events):
No events

Internal exceptions (0 events):
No events

Events (1 events):
Event: 0.007 Loaded shared library D:\java dev\bin\java.dll


Dynamic libraries:
0x00007ff7959a0000 - 0x00007ff7959b0000 	D:\java dev\bin\java.exe
0x00007ffaee6f0000 - 0x00007ffaee8e5000 	C:\WINDOWS\SYSTEM32\ntdll.dll
0x00007ffaeda10000 - 0x00007ffaedace000 	C:\WINDOWS\System32\KERNEL32.DLL
0x00007ffaebfb0000 - 0x00007ffaec279000 	C:\WINDOWS\System32\KERNELBASE.dll
0x00007ffae9220000 - 0x00007ffae92b0000 	C:\WINDOWS\SYSTEM32\apphelp.dll
0x00007ffaec2d0000 - 0x00007ffaec3d0000 	C:\WINDOWS\System32\ucrtbase.dll
0x00007ffaddc30000 - 0x00007ffaddc48000 	D:\java dev\bin\jli.dll
0x00007ffaec770000 - 0x00007ffaec81c000 	C:\WINDOWS\System32\ADVAPI32.dll
0x00007ffaec940000 - 0x00007ffaec9de000 	C:\WINDOWS\System32\msvcrt.dll
0x00007ffaec8a0000 - 0x00007ffaec93b000 	C:\WINDOWS\System32\sechost.dll
0x00007ffaee230000 - 0x00007ffaee35a000 	C:\WINDOWS\System32\RPCRT4.dll
0x00007ffaddc50000 - 0x00007ffaddc69000 	D:\java dev\bin\VCRUNTIME140.dll
0x00007ffaedb40000 - 0x00007ffaedce1000 	C:\WINDOWS\System32\USER32.dll
0x00007ffaec4e0000 - 0x00007ffaec502000 	C:\WINDOWS\System32\win32u.dll
0x00007ffaec740000 - 0x00007ffaec76b000 	C:\WINDOWS\System32\GDI32.dll
0x00007ffaec3d0000 - 0x00007ffaec4db000 	C:\WINDOWS\System32\gdi32full.dll
0x00007ffaec540000 - 0x00007ffaec5dd000 	C:\WINDOWS\System32\msvcp_win.dll
0x00007ffad8e70000 - 0x00007ffad910a000 	C:\WINDOWS\WinSxS\amd64_microsoft.windows.common-controls_6595b64144ccf1df_6.0.19041.1110_none_60b5254171f9507e\COMCTL32.dll
0x00007ffae3480000 - 0x00007ffae348a000 	C:\WINDOWS\SYSTEM32\VERSION.dll
0x00007ffaecaa0000 - 0x00007ffaecad0000 	C:\WINDOWS\System32\IMM32.DLL
0x00007ffae90f0000 - 0x00007ffae90fc000 	D:\java dev\bin\vcruntime140_1.dll
0x00007ffa923e0000 - 0x00007ffa92471000 	D:\java dev\bin\msvcp140.dll
0x00007ffa70b60000 - 0x00007ffa7170b000 	D:\java dev\bin\server\jvm.dll
0x00007ffaeca90000 - 0x00007ffaeca98000 	C:\WINDOWS\System32\PSAPI.DLL
0x00007ffae9000000 - 0x00007ffae9009000 	C:\WINDOWS\SYSTEM32\WSOCK32.dll
0x00007ffaedad0000 - 0x00007ffaedb3b000 	C:\WINDOWS\System32\WS2_32.dll
0x00007ffae2d20000 - 0x00007ffae2d47000 	C:\WINDOWS\SYSTEM32\WINMM.dll
0x00007ffaea6e0000 - 0x00007ffaea6f2000 	C:\WINDOWS\SYSTEM32\kernel.appcore.dll
0x00007ffadb500000 - 0x00007ffadb50a000 	D:\java dev\bin\jimage.dll
0x00007ffae9ba0000 - 0x00007ffae9d84000 	C:\WINDOWS\SYSTEM32\DBGHELP.DLL
0x00007ffadaa90000 - 0x00007ffadaabc000 	C:\WINDOWS\SYSTEM32\dbgcore.DLL
0x00007ffaebe10000 - 0x00007ffaebe93000 	C:\WINDOWS\System32\bcryptPrimitives.dll
0x00007ffadb4f0000 - 0x00007ffadb4fe000 	D:\java dev\bin\instrument.dll
0x00007ffad9900000 - 0x00007ffad9925000 	D:\java dev\bin\java.dll

dbghelp: loaded successfully - version: 4.0.5 - missing functions: none
symbol engine: initialized successfully - sym options: 0x614 - pdb path: .;D:\java dev\bin;C:\WINDOWS\SYSTEM32;C:\WINDOWS\WinSxS\amd64_microsoft.windows.common-controls_6595b64144ccf1df_6.0.19041.1110_none_60b5254171f9507e;D:\java dev\bin\server

VM Arguments:
jvm_args: -ea -Didea.test.cyclic.buffer.size=1048576 -javaagent:D:\Program Files\JetBrains\Toolbox\apps\IDEA-U\ch-0\212.5080.55\lib\idea_rt.jar=53634:D:\Program Files\JetBrains\Toolbox\apps\IDEA-U\ch-0\212.5080.55\bin -Dfile.encoding=UTF-8 
java_command: com.intellij.rt.junit.JUnitStarter -ideVersion5 -junit5 Testing
java_class_path (initial): D:\Program Files\JetBrains\Toolbox\apps\IDEA-U\ch-0\212.5080.55\lib\idea_rt.jar;C:\Users\grigo\.m2\repository\org\junit\platform\junit-platform-launcher\1.7.0\junit-platform-launcher-1.7.0.jar;C:\Users\grigo\.m2\repository\org\junit\vintage\junit-vintage-engine\5.7.0\junit-vintage-engine-5.7.0.jar;D:\Program Files\JetBrains\Toolbox\apps\IDEA-U\ch-0\212.5080.55\plugins\junit\lib\junit5-rt.jar;D:\Program Files\JetBrains\Toolbox\apps\IDEA-U\ch-0\212.5080.55\plugins\junit\lib\junit-rt.jar;D:\Git savefiles\WhatTea\out\test\TeaCollection;D:\Git savefiles\WhatTea\out\production\TeaCollection;C:\Users\grigo\.m2\repository\org\junit\jupiter\junit-jupiter\5.7.0\junit-jupiter-5.7.0.jar;C:\Users\grigo\.m2\repository\org\junit\jupiter\junit-jupiter-api\5.7.0\junit-jupiter-api-5.7.0.jar;C:\Users\grigo\.m2\repository\org\apiguardian\apiguardian-api\1.1.0\apiguardian-api-1.1.0.jar;C:\Users\grigo\.m2\repository\org\opentest4j\opentest4j\1.2.0\opentest4j-1.2.0.jar;C:\Users\grigo\.m2\repository\org\junit\platform\junit-platform-commons\1.7.0\junit-platform-commons-1.7.0.jar;C:\Users\grigo\.m2\repository\org\junit\jupiter\junit-jupiter-params\5.7.0\junit-jupiter-params-5.7.0.jar;C:\Users\grigo\.m2\repository\org\junit\jupiter\junit-jupiter-engine\5.7.0\junit-jupiter-engine-5.7.0.jar;C:\Users\grigo\.m2\repository\org\junit\platform\junit-platform-engine\1.7.0\junit-platform-engine-1.7.0.jar;C:\Users\grigo\.m2\repository\junit\junit\4.13.1\junit-4.13.1.jar;C:\Users\grigo\.m2\repository\org\hamcrest\hamcrest-core\1.3\hamcrest-core-1.3.jar
Launcher Type: SUN_STANDARD

[Global flags]
     intx CICompilerCount                          = 4                                         {product} {ergonomic}
     uint ConcGCThreads                            = 3                                         {product} {ergonomic}
     uint G1ConcRefinementThreads                  = 10                                        {product} {ergonomic}
   size_t G1HeapRegionSize                         = 4194304                                   {product} {ergonomic}
    uintx GCDrainStackTargetSize                   = 64                                        {product} {ergonomic}
   size_t InitialHeapSize                          = 536870912                                 {product} {ergonomic}
   size_t MarkStackSize                            = 4194304                                   {product} {ergonomic}
   size_t MaxHeapSize                              = 8573157376                                {product} {ergonomic}
   size_t MinHeapDeltaBytes                        = 4194304                                   {product} {ergonomic}
   size_t MinHeapSize                              = 8388608                                   {product} {ergonomic}
    uintx NonNMethodCodeHeapSize                   = 5839372                                {pd product} {ergonomic}
    uintx NonProfiledCodeHeapSize                  = 122909434                              {pd product} {ergonomic}
    uintx ProfiledCodeHeapSize                     = 122909434                              {pd product} {ergonomic}
    uintx ReservedCodeCacheSize                    = 251658240                              {pd product} {ergonomic}
     bool SegmentedCodeCache                       = true                                      {product} {ergonomic}
   size_t SoftMaxHeapSize                          = 8573157376                             {manageable} {ergonomic}
     bool UseCompressedClassPointers               = true                           {product lp64_product} {ergonomic}
     bool UseCompressedOops                        = true                           {product lp64_product} {ergonomic}
     bool UseG1GC                                  = true                                      {product} {ergonomic}
     bool UseLargePagesIndividualAllocation        = false                                  {pd product} {ergonomic}

Logging:
Log output configuration:
 #0: stdout all=warning uptime,level,tags
 #1: stderr all=off uptime,level,tags

Environment Variables:
PATH=C:\Program Files (x86)\Razer Chroma SDK\bin;C:\Program Files\Razer Chroma SDK\bin;C:\Program Files\Common Files\Oracle\Java\javapath;C:\Program Files (x86)\Razer\ChromaBroadcast\bin;C:\Program Files\Razer\ChromaBroadcast\bin;C:\WINDOWS\system32;C:\WINDOWS;C:\WINDOWS\System32\Wbem;C:\WINDOWS\System32\WindowsPowerShell\v1.0\;C:\WINDOWS\System32\OpenSSH\;C:\Users\grigo\AppData\Local\Microsoft\WindowsApps;D:\Git\cmd;C:\WINDOWS\system32\config\systemprofile\AppData\Local\Microsoft\WindowsApps;
USERNAME=grigo
OS=Windows_NT
PROCESSOR_IDENTIFIER=AMD64 Family 23 Model 113 Stepping 0, AuthenticAMD



---------------  S Y S T E M  ---------------

OS:
 Windows 10 , 64 bit Build 19041 (10.0.19041.1202)
OS uptime: 0 days 8:38 hours

CPU: total 12 (initial active 12) (12 cores per cpu, 2 threads per core) family 23 model 113 stepping 0 microcode 0x0, cx8, cmov, fxsr, ht, mmx, 3dnowpref, sse, sse2, sse3, ssse3, sse4a, sse4.1, sse4.2, popcnt, lzcnt, tsc, tscinvbit, avx, avx2, aes, clmul, bmi1, bmi2, adx, sha, fma, vzeroupper, clflush, clflushopt

Memory: 4k page, system-wide physical 32693M (4498M free)
TotalPageFile size 37675M (AvailPageFile size 12M)
current process WorkingSet (physical memory assigned to process): 11M, peak: 11M
current process commit charge ("private bytes"): 64M, peak: 576M

vm_info: Java HotSpot(TM) 64-Bit Server VM (16.0.2+7-67) for windows-amd64 JRE (16.0.2+7-67), built on Jun  8 2021 23:24:19 by "mach5one" with MS VC++ 16.7 (VS2019)

END.
